Added Component: Designator=C15(C1206S)
Add component (AddParameter): Name = "ASSEMBLY"; Value = "ASSEMBLY"; VariantName = "[No Variations]"
Add component (AddParameter): Name = "ComponentLink1URL"; Value = ""; VariantName = "[No Variations]"
Add component (AddParameter): Name = "LatestRevisionDate"; Value = "31-Dec-2024"; VariantName = "[No Variations]"
Add component (AddParameter): Name = "LatestRevisionNote"; Value = "Re-released for DXP Platform."; VariantName = "[No Variations]"
Add component (AddParameter): Name = "MA"; Value = "MA010200491"; VariantName = "[No Variations]"
Add component (AddParameter): Name = "MANF"; Value = "x"; VariantName = "[No Variations]"
Add component (AddParameter): Name = "MANF_P#"; Value = "x"; VariantName = "[No Variations]"
Add component (AddParameter): Name = "package"; Value = "0603"; VariantName = "[No Variations]"
Add component (AddParameter): Name = "PackageReference"; Value = "x"; VariantName = "[No Variations]"
Add component (AddParameter): Name = "Pricing"; Value = "1=0.44, 10=0.34"; VariantName = "[No Variations]"
Add component (AddParameter): Name = "Published"; Value = "31-Dec-2024"; VariantName = "[No Variations]"
Add component (AddParameter): Name = "Publisher"; Value = "CHILA Board"; VariantName = "[No Variations]"
Add component (AddParameter): Name = "VALUE"; Value = "100uF/25V"; VariantName = "[No Variations]"
Added Component: Designator=C16(C0805S)
Add component (AddParameter): Name = "ASSEMBLY"; Value = "ASSEMBLY"; VariantName = "[No Variations]"
Add component (AddParameter): Name = "ComponentLink1URL"; Value = ""; VariantName = "[No Variations]"
Add component (AddParameter): Name = "LatestRevisionDate"; Value = "31-Dec-2024"; VariantName = "[No Variations]"
Add component (AddParameter): Name = "LatestRevisionNote"; Value = "Re-released for DXP Platform."; VariantName = "[No Variations]"
Add component (AddParameter): Name = "MA"; Value = "MA010200438"; VariantName = "[No Variations]"
Add component (AddParameter): Name = "MANF"; Value = "x"; VariantName = "[No Variations]"
Add component (AddParameter): Name = "MANF_P#"; Value = "x"; VariantName = "[No Variations]"
Add component (AddParameter): Name = "package"; Value = "0805"; VariantName = "[No Variations]"
Add component (AddParameter): Name = "PackageReference"; Value = "x"; VariantName = "[No Variations]"
Add component (AddParameter): Name = "Pricing"; Value = "1=0.44, 10=0.34"; VariantName = "[No Variations]"
Add component (AddParameter): Name = "Published"; Value = "31-Dec-2024"; VariantName = "[No Variations]"
Add component (AddParameter): Name = "Publisher"; Value = "CHILA Board"; VariantName = "[No Variations]"
Add component (AddParameter): Name = "VALUE"; Value = "22uF/25V"; VariantName = "[No Variations]"
Added Pin To Net: NetName=GND Pin=C15-1
Added Pin To Net: NetName=12V Batt Pin=C15-2
Added Pin To Net: NetName=GND Pin=C16-1
Added Pin To Net: NetName=5V-P Pin=C16-2
Added Member To Class: ClassName=Power Member=Component C15 100uF/25V
Added Member To Class: ClassName=Power Member=Component C16 22uF/25V
