Added Component: Designator=BZ1(BZ_C9)
Add component (AddParameter): Name = "MANF"; Value = "Mallory"; VariantName = "[No Variations]"
Add component (AddParameter): Name = "MANF_P#"; Value = "PB-09N23P-03Q"; VariantName = "[No Variations]"
Add component (AddParameter): Name = "PARAM"; Value = "2.7KHz"; VariantName = "[No Variations]"
Add component (AddParameter): Name = "PARAM2"; Value = "3V, 30mA"; VariantName = "[No Variations]"
Add component (AddParameter): Name = "PRICE"; Value = "$3"; VariantName = "[No Variations]"
Add component (AddParameter): Name = "VALUE"; Value = "BUZZER"; VariantName = "[No Variations]"
Added Component: Designator=C1(C0603S)
Add component (AddParameter): Name = "ASSEMBLY"; Value = "ASSEMBLY"; VariantName = "[No Variations]"
Add component (AddParameter): Name = "ComponentLink1URL"; Value = ""; VariantName = "[No Variations]"
Add component (AddParameter): Name = "LatestRevisionDate"; Value = "31-Dec-2024"; VariantName = "[No Variations]"
Add component (AddParameter): Name = "LatestRevisionNote"; Value = "Re-released for DXP Platform."; VariantName = "[No Variations]"
Add component (AddParameter): Name = "MA"; Value = "MA010200501"; VariantName = "[No Variations]"
Add component (AddParameter): Name = "MANF"; Value = "x"; VariantName = "[No Variations]"
Add component (AddParameter): Name = "MANF_P#"; Value = "x"; VariantName = "[No Variations]"
Add component (AddParameter): Name = "package"; Value = "0603"; VariantName = "[No Variations]"
Add component (AddParameter): Name = "PackageReference"; Value = "x"; VariantName = "[No Variations]"
Add component (AddParameter): Name = "Pricing"; Value = "1=0.44, 10=0.34"; VariantName = "[No Variations]"
Add component (AddParameter): Name = "Published"; Value = "31-Dec-2024"; VariantName = "[No Variations]"
Add component (AddParameter): Name = "Publisher"; Value = "CHILA Board"; VariantName = "[No Variations]"
Add component (AddParameter): Name = "VALUE"; Value = "10nF/50V"; VariantName = "[No Variations]"
Added Component: Designator=C2(C0603S)
Add component (AddParameter): Name = "ASSEMBLY"; Value = "ASSEMBLY"; VariantName = "[No Variations]"
Add component (AddParameter): Name = "ComponentLink1URL"; Value = ""; VariantName = "[No Variations]"
Add component (AddParameter): Name = "LatestRevisionDate"; Value = "31-Dec-2024"; VariantName = "[No Variations]"
Add component (AddParameter): Name = "LatestRevisionNote"; Value = "Re-released for DXP Platform."; VariantName = "[No Variations]"
Add component (AddParameter): Name = "MA"; Value = "MA010200491"; VariantName = "[No Variations]"
Add component (AddParameter): Name = "MANF"; Value = "x"; VariantName = "[No Variations]"
Add component (AddParameter): Name = "MANF_P#"; Value = "x"; VariantName = "[No Variations]"
Add component (AddParameter): Name = "package"; Value = "0603"; VariantName = "[No Variations]"
Add component (AddParameter): Name = "PackageReference"; Value = "x"; VariantName = "[No Variations]"
Add component (AddParameter): Name = "Pricing"; Value = "1=0.44, 10=0.34"; VariantName = "[No Variations]"
Add component (AddParameter): Name = "Published"; Value = "31-Dec-2024"; VariantName = "[No Variations]"
Add component (AddParameter): Name = "Publisher"; Value = "CHILA Board"; VariantName = "[No Variations]"
Add component (AddParameter): Name = "VALUE"; Value = "10uF/25V"; VariantName = "[No Variations]"
Added Component: Designator=C3(C0603S)
Add component (AddParameter): Name = "ASSEMBLY"; Value = "ASSEMBLY"; VariantName = "[No Variations]"
Add component (AddParameter): Name = "ComponentLink1URL"; Value = ""; VariantName = "[No Variations]"
Add component (AddParameter): Name = "LatestRevisionDate"; Value = "31-Dec-2024"; VariantName = "[No Variations]"
Add component (AddParameter): Name = "LatestRevisionNote"; Value = "Re-released for DXP Platform."; VariantName = "[No Variations]"
Add component (AddParameter): Name = "MA"; Value = "MA010210354"; VariantName = "[No Variations]"
Add component (AddParameter): Name = "MANF"; Value = "x"; VariantName = "[No Variations]"
Add component (AddParameter): Name = "MANF_P#"; Value = "x"; VariantName = "[No Variations]"
Add component (AddParameter): Name = "package"; Value = "0603"; VariantName = "[No Variations]"
Add component (AddParameter): Name = "PackageReference"; Value = "x"; VariantName = "[No Variations]"
Add component (AddParameter): Name = "Pricing"; Value = "1=0.44, 10=0.34"; VariantName = "[No Variations]"
Add component (AddParameter): Name = "Published"; Value = "31-Dec-2024"; VariantName = "[No Variations]"
Add component (AddParameter): Name = "Publisher"; Value = "CHILA Board"; VariantName = "[No Variations]"
Add component (AddParameter): Name = "VALUE"; Value = "100nF"; VariantName = "[No Variations]"
Added Component: Designator=C4(C0603S)
Add component (AddParameter): Name = "ASSEMBLY"; Value = "ASSEMBLY"; VariantName = "[No Variations]"
Add component (AddParameter): Name = "ComponentLink1URL"; Value = ""; VariantName = "[No Variations]"
Add component (AddParameter): Name = "LatestRevisionDate"; Value = "31-Dec-2024"; VariantName = "[No Variations]"
Add component (AddParameter): Name = "LatestRevisionNote"; Value = "Re-released for DXP Platform."; VariantName = "[No Variations]"
Add component (AddParameter): Name = "MA"; Value = "MA010210354"; VariantName = "[No Variations]"
Add component (AddParameter): Name = "MANF"; Value = "x"; VariantName = "[No Variations]"
Add component (AddParameter): Name = "MANF_P#"; Value = "x"; VariantName = "[No Variations]"
Add component (AddParameter): Name = "package"; Value = "0603"; VariantName = "[No Variations]"
Add component (AddParameter): Name = "PackageReference"; Value = "x"; VariantName = "[No Variations]"
Add component (AddParameter): Name = "Pricing"; Value = "1=0.44, 10=0.34"; VariantName = "[No Variations]"
Add component (AddParameter): Name = "Published"; Value = "31-Dec-2024"; VariantName = "[No Variations]"
Add component (AddParameter): Name = "Publisher"; Value = "CHILA Board"; VariantName = "[No Variations]"
Add component (AddParameter): Name = "VALUE"; Value = "100nf"; VariantName = "[No Variations]"
Added Component: Designator=C5(C0603S)
Add component (AddParameter): Name = "ASSEMBLY"; Value = "ASSEMBLY"; VariantName = "[No Variations]"
Add component (AddParameter): Name = "ComponentLink1URL"; Value = ""; VariantName = "[No Variations]"
Add component (AddParameter): Name = "LatestRevisionDate"; Value = "31-Dec-2024"; VariantName = "[No Variations]"
Add component (AddParameter): Name = "LatestRevisionNote"; Value = "Re-released for DXP Platform."; VariantName = "[No Variations]"
Add component (AddParameter): Name = "MA"; Value = "MA010210616"; VariantName = "[No Variations]"
Add component (AddParameter): Name = "MANF"; Value = "x"; VariantName = "[No Variations]"
Add component (AddParameter): Name = "MANF_P#"; Value = "x"; VariantName = "[No Variations]"
Add component (AddParameter): Name = "package"; Value = "0603"; VariantName = "[No Variations]"
Add component (AddParameter): Name = "PackageReference"; Value = "x"; VariantName = "[No Variations]"
Add component (AddParameter): Name = "Pricing"; Value = "1=0.44, 10=0.34"; VariantName = "[No Variations]"
Add component (AddParameter): Name = "Published"; Value = "31-Dec-2024"; VariantName = "[No Variations]"
Add component (AddParameter): Name = "Publisher"; Value = "CHILA Board"; VariantName = "[No Variations]"
Add component (AddParameter): Name = "VALUE"; Value = "8.2nF/35V"; VariantName = "[No Variations]"
Added Component: Designator=C6(C0603S)
Add component (AddParameter): Name = "ASSEMBLY"; Value = "ASSEMBLY"; VariantName = "[No Variations]"
Add component (AddParameter): Name = "ComponentLink1URL"; Value = ""; VariantName = "[No Variations]"
Add component (AddParameter): Name = "LatestRevisionDate"; Value = "31-Dec-2024"; VariantName = "[No Variations]"
Add component (AddParameter): Name = "LatestRevisionNote"; Value = "Re-released for DXP Platform."; VariantName = "[No Variations]"
Add component (AddParameter): Name = "MA"; Value = "MA010200501"; VariantName = "[No Variations]"
Add component (AddParameter): Name = "MANF"; Value = "x"; VariantName = "[No Variations]"
Add component (AddParameter): Name = "MANF_P#"; Value = "x"; VariantName = "[No Variations]"
Add component (AddParameter): Name = "package"; Value = "0603"; VariantName = "[No Variations]"
Add component (AddParameter): Name = "PackageReference"; Value = "x"; VariantName = "[No Variations]"
Add component (AddParameter): Name = "Pricing"; Value = "1=0.44, 10=0.34"; VariantName = "[No Variations]"
Add component (AddParameter): Name = "Published"; Value = "31-Dec-2024"; VariantName = "[No Variations]"
Add component (AddParameter): Name = "Publisher"; Value = "CHILA Board"; VariantName = "[No Variations]"
Add component (AddParameter): Name = "VALUE"; Value = "10nF"; VariantName = "[No Variations]"
Added Component: Designator=C7(C0805S)
Add component (AddParameter): Name = "ASSEMBLY"; Value = "ASSEMBLY"; VariantName = "[No Variations]"
Add component (AddParameter): Name = "ComponentLink1URL"; Value = ""; VariantName = "[No Variations]"
Add component (AddParameter): Name = "LatestRevisionDate"; Value = "31-Dec-2024"; VariantName = "[No Variations]"
Add component (AddParameter): Name = "LatestRevisionNote"; Value = "Re-released for DXP Platform."; VariantName = "[No Variations]"
Add component (AddParameter): Name = "MA"; Value = "MA010200438"; VariantName = "[No Variations]"
Add component (AddParameter): Name = "MANF"; Value = "x"; VariantName = "[No Variations]"
Add component (AddParameter): Name = "MANF_P#"; Value = "x"; VariantName = "[No Variations]"
Add component (AddParameter): Name = "package"; Value = "0805"; VariantName = "[No Variations]"
Add component (AddParameter): Name = "PackageReference"; Value = "x"; VariantName = "[No Variations]"
Add component (AddParameter): Name = "Pricing"; Value = "1=0.44, 10=0.34"; VariantName = "[No Variations]"
Add component (AddParameter): Name = "Published"; Value = "31-Dec-2024"; VariantName = "[No Variations]"
Add component (AddParameter): Name = "Publisher"; Value = "CHILA Board"; VariantName = "[No Variations]"
Add component (AddParameter): Name = "VALUE"; Value = "22uF/25V"; VariantName = "[No Variations]"
Added Component: Designator=C8(C0603S)
Add component (AddParameter): Name = "ASSEMBLY"; Value = "ASSEMBLY"; VariantName = "[No Variations]"
Add component (AddParameter): Name = "DESC"; Value = "CAP, MLCC, 1nF, 50V, C0G, 10%, 0402"; VariantName = "[No Variations]"
Add component (AddParameter): Name = "DIST#"; Value = ""; VariantName = "[No Variations]"
Add component (AddParameter): Name = "MANF"; Value = "Murata"; VariantName = "[No Variations]"
Add component (AddParameter): Name = "MANF_P#"; Value = "MANF_PART#"; VariantName = "[No Variations]"
Add component (AddParameter): Name = "PARAM"; Value = "C0G, 10%"; VariantName = "[No Variations]"
Add component (AddParameter): Name = "PARAM2"; Value = "50V"; VariantName = "[No Variations]"
Add component (AddParameter): Name = "PRICE"; Value = "100= 1$"; VariantName = "[No Variations]"
Add component (AddParameter): Name = "VALUE"; Value = "22pF"; VariantName = "[No Variations]"
Added Component: Designator=C9(C0603S)
Add component (AddParameter): Name = "ASSEMBLY"; Value = "ASSEMBLY"; VariantName = "[No Variations]"
Add component (AddParameter): Name = "DESC"; Value = "CAP, MLCC, 1nF, 50V, C0G, 10%, 0402"; VariantName = "[No Variations]"
Add component (AddParameter): Name = "DIST#"; Value = ""; VariantName = "[No Variations]"
Add component (AddParameter): Name = "MANF"; Value = "Murata"; VariantName = "[No Variations]"
Add component (AddParameter): Name = "MANF_P#"; Value = "MANF_PART#"; VariantName = "[No Variations]"
Add component (AddParameter): Name = "PARAM"; Value = "C0G, 10%"; VariantName = "[No Variations]"
Add component (AddParameter): Name = "PARAM2"; Value = "50V"; VariantName = "[No Variations]"
Add component (AddParameter): Name = "PRICE"; Value = "100= 1$"; VariantName = "[No Variations]"
Add component (AddParameter): Name = "VALUE"; Value = "22pF"; VariantName = "[No Variations]"
Added Component: Designator=C10(C0603S)
Add component (AddParameter): Name = "ASSEMBLY"; Value = "ASSEMBLY"; VariantName = "[No Variations]"
Add component (AddParameter): Name = "DESC"; Value = "CAP, MLCC, 1nF, 50V, C0G, 10%, 0402"; VariantName = "[No Variations]"
Add component (AddParameter): Name = "DIST#"; Value = ""; VariantName = "[No Variations]"
Add component (AddParameter): Name = "MANF"; Value = "Murata"; VariantName = "[No Variations]"
Add component (AddParameter): Name = "MANF_P#"; Value = "MANF_PART#"; VariantName = "[No Variations]"
Add component (AddParameter): Name = "PARAM"; Value = "C0G, 10%"; VariantName = "[No Variations]"
Add component (AddParameter): Name = "PARAM2"; Value = "50V"; VariantName = "[No Variations]"
Add component (AddParameter): Name = "PRICE"; Value = "100= 1$"; VariantName = "[No Variations]"
Add component (AddParameter): Name = "VALUE"; Value = "100nF"; VariantName = "[No Variations]"
Added Component: Designator=C11(C0603S)
Add component (AddParameter): Name = "ASSEMBLY"; Value = "ASSEMBLY"; VariantName = "[No Variations]"
Add component (AddParameter): Name = "DESC"; Value = "CAP, MLCC, 1nF, 50V, C0G, 10%, 0402"; VariantName = "[No Variations]"
Add component (AddParameter): Name = "DIST#"; Value = ""; VariantName = "[No Variations]"
Add component (AddParameter): Name = "MANF"; Value = "Murata"; VariantName = "[No Variations]"
Add component (AddParameter): Name = "MANF_P#"; Value = "MANF_PART#"; VariantName = "[No Variations]"
Add component (AddParameter): Name = "PARAM"; Value = "C0G, 10%"; VariantName = "[No Variations]"
Add component (AddParameter): Name = "PARAM2"; Value = "50V"; VariantName = "[No Variations]"
Add component (AddParameter): Name = "PRICE"; Value = "100= 1$"; VariantName = "[No Variations]"
Add component (AddParameter): Name = "VALUE"; Value = "100nF"; VariantName = "[No Variations]"
Added Component: Designator=C12(C0603S)
Add component (AddParameter): Name = "ASSEMBLY"; Value = "ASSEMBLY"; VariantName = "[No Variations]"
Add component (AddParameter): Name = "DESC"; Value = "CAP, MLCC, 1nF, 50V, C0G, 10%, 0402"; VariantName = "[No Variations]"
Add component (AddParameter): Name = "DIST#"; Value = ""; VariantName = "[No Variations]"
Add component (AddParameter): Name = "MANF"; Value = "Murata"; VariantName = "[No Variations]"
Add component (AddParameter): Name = "MANF_P#"; Value = "MANF_PART#"; VariantName = "[No Variations]"
Add component (AddParameter): Name = "PARAM"; Value = "C0G, 10%"; VariantName = "[No Variations]"
Add component (AddParameter): Name = "PARAM2"; Value = "50V"; VariantName = "[No Variations]"
Add component (AddParameter): Name = "PRICE"; Value = "100= 1$"; VariantName = "[No Variations]"
Add component (AddParameter): Name = "VALUE"; Value = "100nF"; VariantName = "[No Variations]"
Added Component: Designator=C13(C0603S)
Add component (AddParameter): Name = "ASSEMBLY"; Value = "ASSEMBLY"; VariantName = "[No Variations]"
Add component (AddParameter): Name = "DESC"; Value = "CAP, MLCC, 1nF, 50V, C0G, 10%, 0402"; VariantName = "[No Variations]"
Add component (AddParameter): Name = "DIST#"; Value = ""; VariantName = "[No Variations]"
Add component (AddParameter): Name = "MANF"; Value = "Murata"; VariantName = "[No Variations]"
Add component (AddParameter): Name = "MANF_P#"; Value = "MANF_PART#"; VariantName = "[No Variations]"
Add component (AddParameter): Name = "PARAM"; Value = "C0G, 10%"; VariantName = "[No Variations]"
Add component (AddParameter): Name = "PARAM2"; Value = "50V"; VariantName = "[No Variations]"
Add component (AddParameter): Name = "PRICE"; Value = "100= 1$"; VariantName = "[No Variations]"
Add component (AddParameter): Name = "VALUE"; Value = "100nF"; VariantName = "[No Variations]"
Added Component: Designator=C14(C0603S)
Add component (AddParameter): Name = "ASSEMBLY"; Value = "ASSEMBLY"; VariantName = "[No Variations]"
Add component (AddParameter): Name = "DESC"; Value = "CAP, MLCC, 1nF, 50V, C0G, 10%, 0402"; VariantName = "[No Variations]"
Add component (AddParameter): Name = "DIST#"; Value = ""; VariantName = "[No Variations]"
Add component (AddParameter): Name = "MANF"; Value = "Murata"; VariantName = "[No Variations]"
Add component (AddParameter): Name = "MANF_P#"; Value = "MANF_PART#"; VariantName = "[No Variations]"
Add component (AddParameter): Name = "PARAM"; Value = "C0G, 10%"; VariantName = "[No Variations]"
Add component (AddParameter): Name = "PARAM2"; Value = "50V"; VariantName = "[No Variations]"
Add component (AddParameter): Name = "PRICE"; Value = "100= 1$"; VariantName = "[No Variations]"
Add component (AddParameter): Name = "VALUE"; Value = "100nF"; VariantName = "[No Variations]"
Added Component: Designator=D1(D_SMA)
Add component (AddParameter): Name = "ASSEMBLY"; Value = "ASSEMBLY"; VariantName = "[No Variations]"
Add component (AddParameter): Name = "ComponentLink1URL"; Value = ""; VariantName = "[No Variations]"
Add component (AddParameter): Name = "LatestRevisionDate"; Value = "31-Dec-2024"; VariantName = "[No Variations]"
Add component (AddParameter): Name = "LatestRevisionNote"; Value = "Re-released for DXP Platform."; VariantName = "[No Variations]"
Add component (AddParameter): Name = "MA"; Value = "MA010400129"; VariantName = "[No Variations]"
Add component (AddParameter): Name = "MANF"; Value = "x"; VariantName = "[No Variations]"
Add component (AddParameter): Name = "MANF_P#"; Value = "x"; VariantName = "[No Variations]"
Add component (AddParameter): Name = "package"; Value = "SMA"; VariantName = "[No Variations]"
Add component (AddParameter): Name = "PackageReference"; Value = "x"; VariantName = "[No Variations]"
Add component (AddParameter): Name = "Pricing"; Value = "1=0.44, 10=0.34"; VariantName = "[No Variations]"
Add component (AddParameter): Name = "Published"; Value = "31-Dec-2024"; VariantName = "[No Variations]"
Add component (AddParameter): Name = "Publisher"; Value = "CHILA Board"; VariantName = "[No Variations]"
Add component (AddParameter): Name = "VALUE"; Value = "SS34"; VariantName = "[No Variations]"
Added Component: Designator=D2(LED0603GRN)
Add component (AddParameter): Name = "ASSEMBLY"; Value = "ASSEMBLY"; VariantName = "[No Variations]"
Add component (AddParameter): Name = "DESC"; Value = "DESCRIPTION"; VariantName = "[No Variations]"
Add component (AddParameter): Name = "MANF"; Value = "Kingbright"; VariantName = "[No Variations]"
Add component (AddParameter): Name = "MANF_P#"; Value = "APT1608SGC"; VariantName = "[No Variations]"
Add component (AddParameter): Name = "PARAM"; Value = "20mA"; VariantName = "[No Variations]"
Add component (AddParameter): Name = "PARAM2"; Value = "2.2V"; VariantName = "[No Variations]"
Add component (AddParameter): Name = "PRICE"; Value = "1: 0.14$, 100: 6.8$"; VariantName = "[No Variations]"
Add component (AddParameter): Name = "VALUE"; Value = "LED603GRN"; VariantName = "[No Variations]"
Added Component: Designator=D3(D_SOD123W)
Add component (AddParameter): Name = "ASSEMBLY"; Value = "ASSEMBLY"; VariantName = "[No Variations]"
Add component (AddParameter): Name = "DESC"; Value = "DESCRIPTION"; VariantName = "[No Variations]"
Add component (AddParameter): Name = "MANF"; Value = "Diodes"; VariantName = "[No Variations]"
Add component (AddParameter): Name = "MANF_P#"; Value = "DFLZ5V1-7"; VariantName = "[No Variations]"
Add component (AddParameter): Name = "PARAM"; Value = "5.1V"; VariantName = "[No Variations]"
Add component (AddParameter): Name = "PARAM2"; Value = "1W, 4Ohm, -55~150oC"; VariantName = "[No Variations]"
Add component (AddParameter): Name = "PRICE"; Value = "0.5$"; VariantName = "[No Variations]"
Add component (AddParameter): Name = "VALUE"; Value = "ZENER5V1"; VariantName = "[No Variations]"
Added Component: Designator=J1(TBG_2)
Add component (AddParameter): Name = "ASSEMBLY"; Value = ""; VariantName = "[No Variations]"
Add component (AddParameter): Name = "DESC"; Value = ""; VariantName = "[No Variations]"
Add component (AddParameter): Name = "DIST#"; Value = ""; VariantName = "[No Variations]"
Add component (AddParameter): Name = "MANF"; Value = ""; VariantName = "[No Variations]"
Add component (AddParameter): Name = "MANF_P#"; Value = ""; VariantName = "[No Variations]"
Add component (AddParameter): Name = "PARAM"; Value = ""; VariantName = "[No Variations]"
Add component (AddParameter): Name = "PARAM2"; Value = ""; VariantName = "[No Variations]"
Add component (AddParameter): Name = "PRICE"; Value = ""; VariantName = "[No Variations]"
Add component (AddParameter): Name = "VALUE"; Value = "CONN_TB2"; VariantName = "[No Variations]"
Added Component: Designator=J2(HDR_M_1X4)
Add component (AddParameter): Name = "ASSEMBLY"; Value = ""; VariantName = "[No Variations]"
Add component (AddParameter): Name = "DESC"; Value = ""; VariantName = "[No Variations]"
Add component (AddParameter): Name = "MANF"; Value = ""; VariantName = "[No Variations]"
Add component (AddParameter): Name = "MANF_P#"; Value = ""; VariantName = "[No Variations]"
Add component (AddParameter): Name = "PARAM"; Value = ""; VariantName = "[No Variations]"
Add component (AddParameter): Name = "PRICE"; Value = ""; VariantName = "[No Variations]"
Add component (AddParameter): Name = "VALUE"; Value = "HDRM4"; VariantName = "[No Variations]"
Added Component: Designator=J3(HDR_M_1X4)
Add component (AddParameter): Name = "ASSEMBLY"; Value = ""; VariantName = "[No Variations]"
Add component (AddParameter): Name = "DESC"; Value = ""; VariantName = "[No Variations]"
Add component (AddParameter): Name = "MANF"; Value = ""; VariantName = "[No Variations]"
Add component (AddParameter): Name = "MANF_P#"; Value = ""; VariantName = "[No Variations]"
Add component (AddParameter): Name = "PARAM"; Value = ""; VariantName = "[No Variations]"
Add component (AddParameter): Name = "PRICE"; Value = ""; VariantName = "[No Variations]"
Add component (AddParameter): Name = "VALUE"; Value = "HDRM4"; VariantName = "[No Variations]"
Added Component: Designator=J4(HDR_M_1X6)
Add component (AddParameter): Name = "ASSEMBLY"; Value = ""; VariantName = "[No Variations]"
Add component (AddParameter): Name = "DESC"; Value = ""; VariantName = "[No Variations]"
Add component (AddParameter): Name = "MANF"; Value = ""; VariantName = "[No Variations]"
Add component (AddParameter): Name = "MANF_P#"; Value = ""; VariantName = "[No Variations]"
Add component (AddParameter): Name = "PARAM"; Value = ""; VariantName = "[No Variations]"
Add component (AddParameter): Name = "PRICE"; Value = ""; VariantName = "[No Variations]"
Add component (AddParameter): Name = "VALUE"; Value = "HDRM6"; VariantName = "[No Variations]"
Added Component: Designator=J5(HDR_M_1X6)
Add component (AddParameter): Name = "ASSEMBLY"; Value = ""; VariantName = "[No Variations]"
Add component (AddParameter): Name = "DESC"; Value = ""; VariantName = "[No Variations]"
Add component (AddParameter): Name = "MANF"; Value = ""; VariantName = "[No Variations]"
Add component (AddParameter): Name = "MANF_P#"; Value = ""; VariantName = "[No Variations]"
Add component (AddParameter): Name = "PARAM"; Value = ""; VariantName = "[No Variations]"
Add component (AddParameter): Name = "PRICE"; Value = ""; VariantName = "[No Variations]"
Add component (AddParameter): Name = "VALUE"; Value = "HDRM6"; VariantName = "[No Variations]"
Added Component: Designator=L1(L_4_H2)
Add component (AddParameter): Name = "ASSEMBLY"; Value = "ASSEMBLY"; VariantName = "[No Variations]"
Add component (AddParameter): Name = "ComponentLink1URL"; Value = ""; VariantName = "[No Variations]"
Add component (AddParameter): Name = "LatestRevisionDate"; Value = "31-Dec-2024"; VariantName = "[No Variations]"
Add component (AddParameter): Name = "LatestRevisionNote"; Value = "Re-released for DXP Platform."; VariantName = "[No Variations]"
Add component (AddParameter): Name = "MA"; Value = "MA011210087"; VariantName = "[No Variations]"
Add component (AddParameter): Name = "MANF"; Value = "x"; VariantName = "[No Variations]"
Add component (AddParameter): Name = "MANF_P#"; Value = "x"; VariantName = "[No Variations]"
Add component (AddParameter): Name = "package"; Value = "Inductor 8*8"; VariantName = "[No Variations]"
Add component (AddParameter): Name = "PackageReference"; Value = "x"; VariantName = "[No Variations]"
Add component (AddParameter): Name = "Pricing"; Value = "1=0.44, 10=0.34"; VariantName = "[No Variations]"
Add component (AddParameter): Name = "Published"; Value = "31-Dec-2024"; VariantName = "[No Variations]"
Add component (AddParameter): Name = "Publisher"; Value = "CHILA Board"; VariantName = "[No Variations]"
Add component (AddParameter): Name = "Value"; Value = "10uH ,3.5A"; VariantName = "[No Variations]"
Added Component: Designator=M1(SCMH_M3)
Add component (AddParameter): Name = "ASSEMBLY"; Value = "DNP"; VariantName = "[No Variations]"
Add component (AddParameter): Name = "MANF"; Value = ""; VariantName = "[No Variations]"
Add component (AddParameter): Name = "MANF_P#"; Value = ""; VariantName = "[No Variations]"
Add component (AddParameter): Name = "VALUE"; Value = "DNP/MH"; VariantName = "[No Variations]"
Added Component: Designator=M2(SCMH_M3)
Add component (AddParameter): Name = "ASSEMBLY"; Value = "DNP"; VariantName = "[No Variations]"
Add component (AddParameter): Name = "MANF"; Value = ""; VariantName = "[No Variations]"
Add component (AddParameter): Name = "MANF_P#"; Value = ""; VariantName = "[No Variations]"
Add component (AddParameter): Name = "VALUE"; Value = "DNP/MH"; VariantName = "[No Variations]"
Added Component: Designator=M3(SCMH_M3)
Add component (AddParameter): Name = "ASSEMBLY"; Value = "DNP"; VariantName = "[No Variations]"
Add component (AddParameter): Name = "MANF"; Value = ""; VariantName = "[No Variations]"
Add component (AddParameter): Name = "MANF_P#"; Value = ""; VariantName = "[No Variations]"
Add component (AddParameter): Name = "VALUE"; Value = "DNP/MH"; VariantName = "[No Variations]"
Added Component: Designator=M4(SCMH_M3)
Add component (AddParameter): Name = "ASSEMBLY"; Value = "DNP"; VariantName = "[No Variations]"
Add component (AddParameter): Name = "MANF"; Value = ""; VariantName = "[No Variations]"
Add component (AddParameter): Name = "MANF_P#"; Value = ""; VariantName = "[No Variations]"
Add component (AddParameter): Name = "VALUE"; Value = "DNP/MH"; VariantName = "[No Variations]"
Added Component: Designator=Q1(SOT23_3)
Add component (AddParameter): Name = "ASSEMBLY"; Value = ""; VariantName = "[No Variations]"
Add component (AddParameter): Name = "DESC"; Value = ""; VariantName = "[No Variations]"
Add component (AddParameter): Name = "MANF"; Value = "NXP, ON"; VariantName = "[No Variations]"
Add component (AddParameter): Name = "MANF_P#"; Value = "BC847BLT"; VariantName = "[No Variations]"
Add component (AddParameter): Name = "PARAM"; Value = "0.1A, Hfe110~800"; VariantName = "[No Variations]"
Add component (AddParameter): Name = "PARAM2"; Value = "45v, 500mW"; VariantName = "[No Variations]"
Add component (AddParameter): Name = "PRICE"; Value = ""; VariantName = "[No Variations]"
Add component (AddParameter): Name = "VALUE"; Value = "BC847"; VariantName = "[No Variations]"
Added Component: Designator=R1(R0603S)
Add component (AddParameter): Name = "ASSEMBLY"; Value = "ASSEMBLY"; VariantName = "[No Variations]"
Add component (AddParameter): Name = "ComponentLink1URL"; Value = ""; VariantName = "[No Variations]"
Add component (AddParameter): Name = "LatestRevisionDate"; Value = "31-Dec-2024"; VariantName = "[No Variations]"
Add component (AddParameter): Name = "LatestRevisionNote"; Value = "Re-released for DXP Platform."; VariantName = "[No Variations]"
Add component (AddParameter): Name = "MA"; Value = "MA010110563"; VariantName = "[No Variations]"
Add component (AddParameter): Name = "MANF"; Value = "x"; VariantName = "[No Variations]"
Add component (AddParameter): Name = "MANF_P#"; Value = "x"; VariantName = "[No Variations]"
Add component (AddParameter): Name = "package"; Value = "0603"; VariantName = "[No Variations]"
Add component (AddParameter): Name = "PackageReference"; Value = "x"; VariantName = "[No Variations]"
Add component (AddParameter): Name = "Pricing"; Value = "1=0.44, 10=0.34"; VariantName = "[No Variations]"
Add component (AddParameter): Name = "Published"; Value = "31-Dec-2024"; VariantName = "[No Variations]"
Add component (AddParameter): Name = "Publisher"; Value = "CHILA Board"; VariantName = "[No Variations]"
Add component (AddParameter): Name = "VALUE"; Value = "33K/1%"; VariantName = "[No Variations]"
Added Component: Designator=R2(R0603S)
Add component (AddParameter): Name = "ASSEMBLY"; Value = "ASSEMBLY"; VariantName = "[No Variations]"
Add component (AddParameter): Name = "ComponentLink1URL"; Value = ""; VariantName = "[No Variations]"
Add component (AddParameter): Name = "LatestRevisionDate"; Value = "31-Dec-2024"; VariantName = "[No Variations]"
Add component (AddParameter): Name = "LatestRevisionNote"; Value = "Re-released for DXP Platform."; VariantName = "[No Variations]"
Add component (AddParameter): Name = "MA"; Value = "MA010110324"; VariantName = "[No Variations]"
Add component (AddParameter): Name = "MANF"; Value = "x"; VariantName = "[No Variations]"
Add component (AddParameter): Name = "MANF_P#"; Value = "x"; VariantName = "[No Variations]"
Add component (AddParameter): Name = "package"; Value = "0603"; VariantName = "[No Variations]"
Add component (AddParameter): Name = "PackageReference"; Value = "x"; VariantName = "[No Variations]"
Add component (AddParameter): Name = "Pricing"; Value = "1=0.44, 10=0.34"; VariantName = "[No Variations]"
Add component (AddParameter): Name = "Published"; Value = "31-Dec-2024"; VariantName = "[No Variations]"
Add component (AddParameter): Name = "Publisher"; Value = "CHILA Board"; VariantName = "[No Variations]"
Add component (AddParameter): Name = "VALUE"; Value = "10K/1%"; VariantName = "[No Variations]"
Added Component: Designator=R3(R0603S)
Add component (AddParameter): Name = "ASSEMBLY"; Value = "ASSEMBLY"; VariantName = "[No Variations]"
Add component (AddParameter): Name = "ComponentLink1URL"; Value = ""; VariantName = "[No Variations]"
Add component (AddParameter): Name = "LatestRevisionDate"; Value = "31-Dec-2024"; VariantName = "[No Variations]"
Add component (AddParameter): Name = "LatestRevisionNote"; Value = "Re-released for DXP Platform."; VariantName = "[No Variations]"
Add component (AddParameter): Name = "MA"; Value = "MA010110557"; VariantName = "[No Variations]"
Add component (AddParameter): Name = "MANF"; Value = "x"; VariantName = "[No Variations]"
Add component (AddParameter): Name = "MANF_P#"; Value = "x"; VariantName = "[No Variations]"
Add component (AddParameter): Name = "package"; Value = "0603"; VariantName = "[No Variations]"
Add component (AddParameter): Name = "PackageReference"; Value = "x"; VariantName = "[No Variations]"
Add component (AddParameter): Name = "Pricing"; Value = "1=0.44, 10=0.34"; VariantName = "[No Variations]"
Add component (AddParameter): Name = "Published"; Value = "31-Dec-2024"; VariantName = "[No Variations]"
Add component (AddParameter): Name = "Publisher"; Value = "CHILA Board"; VariantName = "[No Variations]"
Add component (AddParameter): Name = "VALUE"; Value = "5.6K"; VariantName = "[No Variations]"
Added Component: Designator=R4(R0603S)
Add component (AddParameter): Name = "ASSEMBLY"; Value = "ASSEMBLY"; VariantName = "[No Variations]"
Add component (AddParameter): Name = "DESC"; Value = "DESCRIPTION"; VariantName = "[No Variations]"
Add component (AddParameter): Name = "DIST#"; Value = "MOUSER"; VariantName = "[No Variations]"
Add component (AddParameter): Name = "MANF"; Value = "-"; VariantName = "[No Variations]"
Add component (AddParameter): Name = "MANF_P#"; Value = "-"; VariantName = "[No Variations]"
Add component (AddParameter): Name = "PARAM"; Value = "-W"; VariantName = "[No Variations]"
Add component (AddParameter): Name = "PARAM2"; Value = "1%"; VariantName = "[No Variations]"
Add component (AddParameter): Name = "PRICE"; Value = "100= 0.5$"; VariantName = "[No Variations]"
Add component (AddParameter): Name = "VALUE"; Value = "10K"; VariantName = "[No Variations]"
Added Component: Designator=R5(R0603S)
Add component (AddParameter): Name = "ASSEMBLY"; Value = "ASSEMBLY"; VariantName = "[No Variations]"
Add component (AddParameter): Name = "DESC"; Value = "DESCRIPTION"; VariantName = "[No Variations]"
Add component (AddParameter): Name = "DIST#"; Value = "MOUSER"; VariantName = "[No Variations]"
Add component (AddParameter): Name = "MANF"; Value = "-"; VariantName = "[No Variations]"
Add component (AddParameter): Name = "MANF_P#"; Value = "-"; VariantName = "[No Variations]"
Add component (AddParameter): Name = "PARAM"; Value = "-W"; VariantName = "[No Variations]"
Add component (AddParameter): Name = "PARAM2"; Value = "1%"; VariantName = "[No Variations]"
Add component (AddParameter): Name = "PRICE"; Value = "100= 0.5$"; VariantName = "[No Variations]"
Add component (AddParameter): Name = "VALUE"; Value = "10K"; VariantName = "[No Variations]"
Added Component: Designator=R6(R0603S)
Add component (AddParameter): Name = "ASSEMBLY"; Value = "ASSEMBLY"; VariantName = "[No Variations]"
Add component (AddParameter): Name = "DESC"; Value = "DESCRIPTION"; VariantName = "[No Variations]"
Add component (AddParameter): Name = "DIST#"; Value = "MOUSER"; VariantName = "[No Variations]"
Add component (AddParameter): Name = "MANF"; Value = "-"; VariantName = "[No Variations]"
Add component (AddParameter): Name = "MANF_P#"; Value = "-"; VariantName = "[No Variations]"
Add component (AddParameter): Name = "PARAM"; Value = "-W"; VariantName = "[No Variations]"
Add component (AddParameter): Name = "PARAM2"; Value = "1%"; VariantName = "[No Variations]"
Add component (AddParameter): Name = "PRICE"; Value = "100= 0.5$"; VariantName = "[No Variations]"
Add component (AddParameter): Name = "VALUE"; Value = "10K"; VariantName = "[No Variations]"
Added Component: Designator=R7(R0603S)
Add component (AddParameter): Name = "ASSEMBLY"; Value = "ASSEMBLY"; VariantName = "[No Variations]"
Add component (AddParameter): Name = "ComponentLink1URL"; Value = ""; VariantName = "[No Variations]"
Add component (AddParameter): Name = "LatestRevisionDate"; Value = "31-Dec-2024"; VariantName = "[No Variations]"
Add component (AddParameter): Name = "LatestRevisionNote"; Value = "Re-released for DXP Platform."; VariantName = "[No Variations]"
Add component (AddParameter): Name = "MA"; Value = "MA010110324"; VariantName = "[No Variations]"
Add component (AddParameter): Name = "MANF"; Value = "x"; VariantName = "[No Variations]"
Add component (AddParameter): Name = "MANF_P#"; Value = "x"; VariantName = "[No Variations]"
Add component (AddParameter): Name = "package"; Value = "0603"; VariantName = "[No Variations]"
Add component (AddParameter): Name = "PackageReference"; Value = "x"; VariantName = "[No Variations]"
Add component (AddParameter): Name = "Pricing"; Value = "1=0.44, 10=0.34"; VariantName = "[No Variations]"
Add component (AddParameter): Name = "Published"; Value = "31-Dec-2024"; VariantName = "[No Variations]"
Add component (AddParameter): Name = "Publisher"; Value = "CHILA Board"; VariantName = "[No Variations]"
Add component (AddParameter): Name = "VALUE"; Value = "100K/1%"; VariantName = "[No Variations]"
Added Component: Designator=R8(R0603S)
Add component (AddParameter): Name = "ASSEMBLY"; Value = "ASSEMBLY"; VariantName = "[No Variations]"
Add component (AddParameter): Name = "DESC"; Value = "DESCRIPTION"; VariantName = "[No Variations]"
Add component (AddParameter): Name = "DIST#"; Value = "MOUSER"; VariantName = "[No Variations]"
Add component (AddParameter): Name = "MANF"; Value = "-"; VariantName = "[No Variations]"
Add component (AddParameter): Name = "MANF_P#"; Value = "-"; VariantName = "[No Variations]"
Add component (AddParameter): Name = "PARAM"; Value = "-W"; VariantName = "[No Variations]"
Add component (AddParameter): Name = "PARAM2"; Value = "1%"; VariantName = "[No Variations]"
Add component (AddParameter): Name = "PRICE"; Value = "100= 0.5$"; VariantName = "[No Variations]"
Add component (AddParameter): Name = "VALUE"; Value = "10K"; VariantName = "[No Variations]"
Added Component: Designator=R9(R0603S)
Add component (AddParameter): Name = "ASSEMBLY"; Value = "ASSEMBLY"; VariantName = "[No Variations]"
Add component (AddParameter): Name = "DESC"; Value = "DESCRIPTION"; VariantName = "[No Variations]"
Add component (AddParameter): Name = "DIST#"; Value = "MOUSER"; VariantName = "[No Variations]"
Add component (AddParameter): Name = "MANF"; Value = "-"; VariantName = "[No Variations]"
Add component (AddParameter): Name = "MANF_P#"; Value = "-"; VariantName = "[No Variations]"
Add component (AddParameter): Name = "PARAM"; Value = "-W"; VariantName = "[No Variations]"
Add component (AddParameter): Name = "PARAM2"; Value = "1%"; VariantName = "[No Variations]"
Add component (AddParameter): Name = "PRICE"; Value = "100= 0.5$"; VariantName = "[No Variations]"
Add component (AddParameter): Name = "VALUE"; Value = "10K"; VariantName = "[No Variations]"
Added Component: Designator=R10(R0603S)
Add component (AddParameter): Name = "ASSEMBLY"; Value = "ASSEMBLY"; VariantName = "[No Variations]"
Add component (AddParameter): Name = "DESC"; Value = "DESCRIPTION"; VariantName = "[No Variations]"
Add component (AddParameter): Name = "DIST#"; Value = "MOUSER"; VariantName = "[No Variations]"
Add component (AddParameter): Name = "MANF"; Value = "-"; VariantName = "[No Variations]"
Add component (AddParameter): Name = "MANF_P#"; Value = "-"; VariantName = "[No Variations]"
Add component (AddParameter): Name = "PARAM"; Value = "-W"; VariantName = "[No Variations]"
Add component (AddParameter): Name = "PARAM2"; Value = "1%"; VariantName = "[No Variations]"
Add component (AddParameter): Name = "PRICE"; Value = "100= 0.5$"; VariantName = "[No Variations]"
Add component (AddParameter): Name = "VALUE"; Value = "10K"; VariantName = "[No Variations]"
Added Component: Designator=R11(R0603S)
Add component (AddParameter): Name = "ASSEMBLY"; Value = "ASSEMBLY"; VariantName = "[No Variations]"
Add component (AddParameter): Name = "DESC"; Value = "DESCRIPTION"; VariantName = "[No Variations]"
Add component (AddParameter): Name = "DIST#"; Value = "MOUSER"; VariantName = "[No Variations]"
Add component (AddParameter): Name = "MANF"; Value = "-"; VariantName = "[No Variations]"
Add component (AddParameter): Name = "MANF_P#"; Value = "-"; VariantName = "[No Variations]"
Add component (AddParameter): Name = "PARAM"; Value = "-W"; VariantName = "[No Variations]"
Add component (AddParameter): Name = "PARAM2"; Value = "1%"; VariantName = "[No Variations]"
Add component (AddParameter): Name = "PRICE"; Value = "100= 0.5$"; VariantName = "[No Variations]"
Add component (AddParameter): Name = "VALUE"; Value = "10K"; VariantName = "[No Variations]"
Added Component: Designator=R12(R0603S)
Add component (AddParameter): Name = "ASSEMBLY"; Value = "ASSEMBLY"; VariantName = "[No Variations]"
Add component (AddParameter): Name = "DESC"; Value = "DESCRIPTION"; VariantName = "[No Variations]"
Add component (AddParameter): Name = "DIST#"; Value = "MOUSER"; VariantName = "[No Variations]"
Add component (AddParameter): Name = "MANF"; Value = "-"; VariantName = "[No Variations]"
Add component (AddParameter): Name = "MANF_P#"; Value = "-"; VariantName = "[No Variations]"
Add component (AddParameter): Name = "PARAM"; Value = "-W"; VariantName = "[No Variations]"
Add component (AddParameter): Name = "PARAM2"; Value = "1%"; VariantName = "[No Variations]"
Add component (AddParameter): Name = "PRICE"; Value = "100= 0.5$"; VariantName = "[No Variations]"
Add component (AddParameter): Name = "VALUE"; Value = "10K"; VariantName = "[No Variations]"
Added Component: Designator=R13(R0603S)
Add component (AddParameter): Name = "ASSEMBLY"; Value = "ASSEMBLY"; VariantName = "[No Variations]"
Add component (AddParameter): Name = "DESC"; Value = "DESCRIPTION"; VariantName = "[No Variations]"
Add component (AddParameter): Name = "DIST#"; Value = "MOUSER"; VariantName = "[No Variations]"
Add component (AddParameter): Name = "MANF"; Value = "-"; VariantName = "[No Variations]"
Add component (AddParameter): Name = "MANF_P#"; Value = "-"; VariantName = "[No Variations]"
Add component (AddParameter): Name = "PARAM"; Value = "-W"; VariantName = "[No Variations]"
Add component (AddParameter): Name = "PARAM2"; Value = "1%"; VariantName = "[No Variations]"
Add component (AddParameter): Name = "PRICE"; Value = "100= 0.5$"; VariantName = "[No Variations]"
Add component (AddParameter): Name = "VALUE"; Value = "10K"; VariantName = "[No Variations]"
Added Component: Designator=R14(R0603S)
Add component (AddParameter): Name = "ASSEMBLY"; Value = "ASSEMBLY"; VariantName = "[No Variations]"
Add component (AddParameter): Name = "DESC"; Value = "DESCRIPTION"; VariantName = "[No Variations]"
Add component (AddParameter): Name = "DIST#"; Value = "MOUSER"; VariantName = "[No Variations]"
Add component (AddParameter): Name = "MANF"; Value = "-"; VariantName = "[No Variations]"
Add component (AddParameter): Name = "MANF_P#"; Value = "-"; VariantName = "[No Variations]"
Add component (AddParameter): Name = "PARAM"; Value = "-W"; VariantName = "[No Variations]"
Add component (AddParameter): Name = "PARAM2"; Value = "1%"; VariantName = "[No Variations]"
Add component (AddParameter): Name = "PRICE"; Value = "100= 0.5$"; VariantName = "[No Variations]"
Add component (AddParameter): Name = "VALUE"; Value = "4.7K"; VariantName = "[No Variations]"
Added Component: Designator=R15(R0603S)
Add component (AddParameter): Name = "ASSEMBLY"; Value = "ASSEMBLY"; VariantName = "[No Variations]"
Add component (AddParameter): Name = "ComponentLink1URL"; Value = ""; VariantName = "[No Variations]"
Add component (AddParameter): Name = "LatestRevisionDate"; Value = "31-Dec-2024"; VariantName = "[No Variations]"
Add component (AddParameter): Name = "LatestRevisionNote"; Value = "Re-released for DXP Platform."; VariantName = "[No Variations]"
Add component (AddParameter): Name = "MA"; Value = "MA010110563"; VariantName = "[No Variations]"
Add component (AddParameter): Name = "MANF"; Value = "x"; VariantName = "[No Variations]"
Add component (AddParameter): Name = "MANF_P#"; Value = "x"; VariantName = "[No Variations]"
Add component (AddParameter): Name = "package"; Value = "0603"; VariantName = "[No Variations]"
Add component (AddParameter): Name = "PackageReference"; Value = "x"; VariantName = "[No Variations]"
Add component (AddParameter): Name = "Pricing"; Value = "1=0.44, 10=0.34"; VariantName = "[No Variations]"
Add component (AddParameter): Name = "Published"; Value = "31-Dec-2024"; VariantName = "[No Variations]"
Add component (AddParameter): Name = "Publisher"; Value = "CHILA Board"; VariantName = "[No Variations]"
Add component (AddParameter): Name = "VALUE"; Value = "33K/1%"; VariantName = "[No Variations]"
Added Component: Designator=R16(R0603S)
Add component (AddParameter): Name = "ASSEMBLY"; Value = "ASSEMBLY"; VariantName = "[No Variations]"
Add component (AddParameter): Name = "DESC"; Value = "DESCRIPTION"; VariantName = "[No Variations]"
Add component (AddParameter): Name = "DIST#"; Value = "MOUSER"; VariantName = "[No Variations]"
Add component (AddParameter): Name = "MANF"; Value = "-"; VariantName = "[No Variations]"
Add component (AddParameter): Name = "MANF_P#"; Value = "-"; VariantName = "[No Variations]"
Add component (AddParameter): Name = "PARAM"; Value = "-W"; VariantName = "[No Variations]"
Add component (AddParameter): Name = "PARAM2"; Value = "1%"; VariantName = "[No Variations]"
Add component (AddParameter): Name = "PRICE"; Value = "100= 0.5$"; VariantName = "[No Variations]"
Add component (AddParameter): Name = "VALUE"; Value = "47K"; VariantName = "[No Variations]"
Added Component: Designator=SW1(SWSLIDT_SPDT_S_8X4)
Add component (AddParameter): Name = "ASSEMBLY"; Value = "ASSEMBLY"; VariantName = "[No Variations]"
Add component (AddParameter): Name = "DESC"; Value = "DESCRIPTION"; VariantName = "[No Variations]"
Add component (AddParameter): Name = "MANF"; Value = "C&K"; VariantName = "[No Variations]"
Add component (AddParameter): Name = "MANF_PART#"; Value = "OS102011MS2QN1"; VariantName = "[No Variations]"
Add component (AddParameter): Name = "PARAM"; Value = "PARAM"; VariantName = "[No Variations]"
Add component (AddParameter): Name = "PRICE"; Value = "0.4$"; VariantName = "[No Variations]"
Add component (AddParameter): Name = "VALUE"; Value = "SlideSwitch"; VariantName = "[No Variations]"
Added Component: Designator=U1(SO_8T)
Add component (AddParameter): Name = "ASSEMBLY"; Value = "ASSEMBLY"; VariantName = "[No Variations]"
Add component (AddParameter): Name = "ComponentLink1URL"; Value = "http://www.mouser.com/ds/2/277/MP1593_r2.11-476720.pdf?src-supplier=Mouser"; VariantName = "[No Variations]"
Add component (AddParameter): Name = "LatestRevisionDate"; Value = "31-Dec-2024"; VariantName = "[No Variations]"
Add component (AddParameter): Name = "LatestRevisionNote"; Value = "Re-released for DXP Platform."; VariantName = "[No Variations]"
Add component (AddParameter): Name = "MA"; Value = "MA010510512"; VariantName = "[No Variations]"
Add component (AddParameter): Name = "MANF"; Value = "x"; VariantName = "[No Variations]"
Add component (AddParameter): Name = "MANF_P#"; Value = "x"; VariantName = "[No Variations]"
Add component (AddParameter): Name = "package"; Value = "Sop8"; VariantName = "[No Variations]"
Add component (AddParameter): Name = "PackageReference"; Value = "x"; VariantName = "[No Variations]"
Add component (AddParameter): Name = "Pricing"; Value = "1=0.44, 10=0.34"; VariantName = "[No Variations]"
Add component (AddParameter): Name = "Published"; Value = "31-Dec-2024"; VariantName = "[No Variations]"
Add component (AddParameter): Name = "Publisher"; Value = "CHILA Board"; VariantName = "[No Variations]"
Add component (AddParameter): Name = "Value"; Value = "MP1593"; VariantName = "[No Variations]"
Added Component: Designator=U2(OLED_SSD1306_64_I2C)
Add component (AddParameter): Name = "ASSEMBLY"; Value = ""; VariantName = "[No Variations]"
Add component (AddParameter): Name = "DESC"; Value = ""; VariantName = "[No Variations]"
Add component (AddParameter): Name = "DIST#"; Value = ""; VariantName = "[No Variations]"
Add component (AddParameter): Name = "MANF"; Value = "-"; VariantName = "[No Variations]"
Add component (AddParameter): Name = "MANF_P#"; Value = "OLED_SSD1306_I2C"; VariantName = "[No Variations]"
Add component (AddParameter): Name = "PARAM"; Value = "2 Colors, 0.96", 128X64"; VariantName = "[No Variations]"
Add component (AddParameter): Name = "PARAM2"; Value = "3.3/5VCC, -20~70oC"; VariantName = "[No Variations]"
Add component (AddParameter): Name = "PRICE"; Value = ""; VariantName = "[No Variations]"
Add component (AddParameter): Name = "VALUE"; Value = "OLED_SSD1306"; VariantName = "[No Variations]"
Added Component: Designator=U3(QFG80_32)
Add component (AddParameter): Name = "ASSEMBLY"; Value = ""; VariantName = "[No Variations]"
Add component (AddParameter): Name = "DESC"; Value = "1KB EEPROM"; VariantName = "[No Variations]"
Add component (AddParameter): Name = "DIST#"; Value = ""; VariantName = "[No Variations]"
Add component (AddParameter): Name = "MANF"; Value = "ATMEL/MICROCHIP"; VariantName = "[No Variations]"
Add component (AddParameter): Name = "MANF_P#"; Value = "ATMEGA328PB-MN"; VariantName = "[No Variations]"
Add component (AddParameter): Name = "PARAM"; Value = "32KB, 2KB RAM, 20MHz, -40~85°C"; VariantName = "[No Variations]"
Add component (AddParameter): Name = "PARAM2"; Value = "1.8~5.5V"; VariantName = "[No Variations]"
Add component (AddParameter): Name = "PART#ALT"; Value = "ATmega8-48-88-168-328"; VariantName = "[No Variations]"
Add component (AddParameter): Name = "PRICE"; Value = "1.4$"; VariantName = "[No Variations]"
Add component (AddParameter): Name = "VALUE"; Value = "ATMEGA328"; VariantName = "[No Variations]"
Added Component: Designator=X1(XTL_4_3225GEN)
Add component (AddParameter): Name = "ASSEMBLY"; Value = "ASSEMBLY"; VariantName = "[No Variations]"
Add component (AddParameter): Name = "DESC"; Value = "DESCRIPTION"; VariantName = "[No Variations]"
Add component (AddParameter): Name = "DIST#"; Value = "MOUSER"; VariantName = "[No Variations]"
Add component (AddParameter): Name = "MANF"; Value = "ABRACON"; VariantName = "[No Variations]"
Add component (AddParameter): Name = "MANF_P#"; Value = "ABM8-25.000MHZ-B2-T"; VariantName = "[No Variations]"
Add component (AddParameter): Name = "PARAM"; Value = "50PPM"; VariantName = "[No Variations]"
Add component (AddParameter): Name = "PARAM2"; Value = "0.5$"; VariantName = "[No Variations]"
Add component (AddParameter): Name = "PRICE"; Value = "PRICE"; VariantName = "[No Variations]"
Add component (AddParameter): Name = "VALUE"; Value = "XTL_20MHz"; VariantName = "[No Variations]"
Added Pin To Net: NetName=5V-P Pin=C6-2
Added Pin To Net: NetName=5V-P Pin=C7-2
Added Pin To Net: NetName=5V-P Pin=L1-2
Added Pin To Net: NetName=5V-P Pin=R1-1
Added Pin To Net: NetName=5V-P Pin=SW1-3
Added Net: Name=5V-P
Added Pin To Net: NetName=5V Pin=BZ1-1
Added Pin To Net: NetName=5V Pin=C10-2
Added Pin To Net: NetName=5V Pin=C11-2
Added Pin To Net: NetName=5V Pin=C12-2
Added Pin To Net: NetName=5V Pin=J2-1
Added Pin To Net: NetName=5V Pin=J3-1
Added Pin To Net: NetName=5V Pin=J4-1
Added Pin To Net: NetName=5V Pin=J5-1
Added Pin To Net: NetName=5V Pin=R4-2
Added Pin To Net: NetName=5V Pin=R5-2
Added Pin To Net: NetName=5V Pin=R6-2
Added Pin To Net: NetName=5V Pin=R9-2
Added Pin To Net: NetName=5V Pin=R10-2
Added Pin To Net: NetName=5V Pin=R11-2
Added Pin To Net: NetName=5V Pin=R12-2
Added Pin To Net: NetName=5V Pin=R13-2
Added Pin To Net: NetName=5V Pin=SW1-2
Added Pin To Net: NetName=5V Pin=U2-1
Added Pin To Net: NetName=5V Pin=U3-4
Added Pin To Net: NetName=5V Pin=U3-6
Added Pin To Net: NetName=5V Pin=U3-18
Added Pin To Net: NetName=5V Pin=U3-20
Added Net: Name=5V
Added Pin To Net: NetName=12V Batt Pin=C2-2
Added Pin To Net: NetName=12V Batt Pin=C3-2
Added Pin To Net: NetName=12V Batt Pin=J1-1
Added Pin To Net: NetName=12V Batt Pin=R7-2
Added Pin To Net: NetName=12V Batt Pin=U1-2
Added Net: Name=12V Batt
Added Pin To Net: NetName=A0 Pin=D3-2
Added Pin To Net: NetName=A0 Pin=R7-1
Added Pin To Net: NetName=A0 Pin=R15-1
Added Pin To Net: NetName=A0 Pin=U3-23
Added Net: Name=A0
Added Pin To Net: NetName=D2 Pin=R9-1
Added Pin To Net: NetName=D2 Pin=U3-32
Added Net: Name=D2
Added Pin To Net: NetName=D3 Pin=R10-1
Added Pin To Net: NetName=D3 Pin=U3-1
Added Net: Name=D3
Added Pin To Net: NetName=D4 Pin=R11-1
Added Pin To Net: NetName=D4 Pin=U3-2
Added Net: Name=D4
Added Pin To Net: NetName=D5 Pin=R12-1
Added Pin To Net: NetName=D5 Pin=U3-9
Added Net: Name=D5
Added Pin To Net: NetName=D6 Pin=R13-1
Added Pin To Net: NetName=D6 Pin=U3-10
Added Net: Name=D6
Added Pin To Net: NetName=D7 Pin=R14-2
Added Pin To Net: NetName=D7 Pin=U3-11
Added Net: Name=D7
Added Pin To Net: NetName=D9 Pin=J3-2
Added Pin To Net: NetName=D9 Pin=U3-13
Added Net: Name=D9
Added Pin To Net: NetName=D10 Pin=J3-3
Added Pin To Net: NetName=D10 Pin=U3-14
Added Net: Name=D10
Added Pin To Net: NetName=DTR Pin=C13-1
Added Pin To Net: NetName=DTR Pin=J4-2
Added Net: Name=DTR
Added Pin To Net: NetName=GND Pin=C2-1
Added Pin To Net: NetName=GND Pin=C3-1
Added Pin To Net: NetName=GND Pin=C4-1
Added Pin To Net: NetName=GND Pin=C6-1
Added Pin To Net: NetName=GND Pin=C7-1
Added Pin To Net: NetName=GND Pin=C8-2
Added Pin To Net: NetName=GND Pin=C9-1
Added Pin To Net: NetName=GND Pin=C10-1
Added Pin To Net: NetName=GND Pin=C11-1
Added Pin To Net: NetName=GND Pin=C12-1
Added Pin To Net: NetName=GND Pin=C14-1
Added Pin To Net: NetName=GND Pin=D1-1
Added Pin To Net: NetName=GND Pin=D2-2
Added Pin To Net: NetName=GND Pin=D3-1
Added Pin To Net: NetName=GND Pin=J1-2
Added Pin To Net: NetName=GND Pin=J2-4
Added Pin To Net: NetName=GND Pin=J3-4
Added Pin To Net: NetName=GND Pin=J4-5
Added Pin To Net: NetName=GND Pin=J4-6
Added Pin To Net: NetName=GND Pin=J5-6
Added Pin To Net: NetName=GND Pin=Q1-2
Added Pin To Net: NetName=GND Pin=R2-1
Added Pin To Net: NetName=GND Pin=R3-1
Added Pin To Net: NetName=GND Pin=R15-2
Added Pin To Net: NetName=GND Pin=R16-2
Added Pin To Net: NetName=GND Pin=U2-2
Added Pin To Net: NetName=GND Pin=U3-3
Added Pin To Net: NetName=GND Pin=U3-5
Added Pin To Net: NetName=GND Pin=U3-21
Added Pin To Net: NetName=GND Pin=X1-2
Added Pin To Net: NetName=GND Pin=X1-4
Added Pin To Net: NetName=GND Pin=U1-4
Added Pin To Net: NetName=GND Pin=U1-9
Added Net: Name=GND
Added Pin To Net: NetName=MISO Pin=J5-4
Added Pin To Net: NetName=MISO Pin=U3-16
Added Net: Name=MISO
Added Pin To Net: NetName=MOSI Pin=J5-3
Added Pin To Net: NetName=MOSI Pin=U3-15
Added Net: Name=MOSI
Added Pin To Net: NetName=NetBZ1_2 Pin=BZ1-2
Added Pin To Net: NetName=NetBZ1_2 Pin=Q1-3
Added Net: Name=NetBZ1_2
Added Pin To Net: NetName=NetC1_1 Pin=C1-1
Added Pin To Net: NetName=NetC1_1 Pin=D1-2
Added Pin To Net: NetName=NetC1_1 Pin=L1-1
Added Pin To Net: NetName=NetC1_1 Pin=U1-3
Added Net: Name=NetC1_1
Added Pin To Net: NetName=NetC1_2 Pin=C1-2
Added Pin To Net: NetName=NetC1_2 Pin=U1-1
Added Net: Name=NetC1_2
Added Pin To Net: NetName=NetC4_2 Pin=C4-2
Added Pin To Net: NetName=NetC4_2 Pin=U1-8
Added Net: Name=NetC4_2
Added Pin To Net: NetName=NetC5_1 Pin=C5-1
Added Pin To Net: NetName=NetC5_1 Pin=R3-2
Added Net: Name=NetC5_1
Added Pin To Net: NetName=NetC5_2 Pin=C5-2
Added Pin To Net: NetName=NetC5_2 Pin=U1-6
Added Net: Name=NetC5_2
Added Pin To Net: NetName=NetC8_1 Pin=C8-1
Added Pin To Net: NetName=NetC8_1 Pin=U3-7
Added Pin To Net: NetName=NetC8_1 Pin=X1-1
Added Net: Name=NetC8_1
Added Pin To Net: NetName=NetC9_2 Pin=C9-2
Added Pin To Net: NetName=NetC9_2 Pin=U3-8
Added Pin To Net: NetName=NetC9_2 Pin=X1-3
Added Net: Name=NetC9_2
Added Pin To Net: NetName=NetD2_1 Pin=D2-1
Added Pin To Net: NetName=NetD2_1 Pin=R8-1
Added Net: Name=NetD2_1
Added Pin To Net: NetName=NetQ1_1 Pin=Q1-1
Added Pin To Net: NetName=NetQ1_1 Pin=R14-1
Added Pin To Net: NetName=NetQ1_1 Pin=R16-1
Added Net: Name=NetQ1_1
Added Pin To Net: NetName=NetR1_2 Pin=R1-2
Added Pin To Net: NetName=NetR1_2 Pin=R2-2
Added Pin To Net: NetName=NetR1_2 Pin=U1-5
Added Net: Name=NetR1_2
Added Pin To Net: NetName=Reset Pin=C13-2
Added Pin To Net: NetName=Reset Pin=C14-2
Added Pin To Net: NetName=Reset Pin=J5-2
Added Pin To Net: NetName=Reset Pin=R6-1
Added Pin To Net: NetName=Reset Pin=U3-29
Added Net: Name=Reset
Added Pin To Net: NetName=RXD Pin=J4-3
Added Pin To Net: NetName=RXD Pin=U3-30
Added Net: Name=RXD
Added Pin To Net: NetName=SCK Pin=J5-5
Added Pin To Net: NetName=SCK Pin=R8-2
Added Pin To Net: NetName=SCK Pin=U3-17
Added Net: Name=SCK
Added Pin To Net: NetName=SCL Pin=J2-2
Added Pin To Net: NetName=SCL Pin=R5-1
Added Pin To Net: NetName=SCL Pin=U2-3
Added Pin To Net: NetName=SCL Pin=U3-28
Added Net: Name=SCL
Added Pin To Net: NetName=SDA Pin=J2-3
Added Pin To Net: NetName=SDA Pin=R4-1
Added Pin To Net: NetName=SDA Pin=U2-4
Added Pin To Net: NetName=SDA Pin=U3-27
Added Net: Name=SDA
Added Pin To Net: NetName=TXD Pin=J4-4
Added Pin To Net: NetName=TXD Pin=U3-31
Added Net: Name=TXD
Added Class: Name=Main Sheet
Added Class: Name=Power
